Command: vcs -full64 -sverilog -ntb_opts uvm-1.2 -f filelist.f -l comp.log
                         Chronologic VCS (TM)
       Version T-2022.06-SP2_Full64 -- Wed Nov 26 18:59:12 2025

                    Copyright (c) 1991 - 2022 Synopsys, Inc.
   This software and the associated documentation are proprietary to Synopsys,
 Inc. This software may only be used in accordance with the terms and conditions
 of a written license agreement with Synopsys, Inc. All other use, reproduction,
   or distribution of this software is strictly prohibited.  Licensed Products
     communicate with Synopsys servers for the purpose of providing software
    updates, detecting software piracy and verifying that customers are using
    Licensed Products in conformity with the applicable License Key for such
  Licensed Products. Synopsys will use information gathered in connection with
    this process to deliver software updates and pursue software pirates and
                                   infringers.

 Inclusivity & Diversity - Visit SolvNetPlus to read the "Synopsys Statement on
            Inclusivity and Diversity" (Refer to article 000036315 at
                        https://solvnetplus.synopsys.com)

Parsing design file '/eda/synopsys/2022-23/RHELx86/VCS_2022.06-SP2/etc/uvm-1.2/uvm_pkg.sv'
Parsing included file '/eda/synopsys/2022-23/RHELx86/VCS_2022.06-SP2/etc/uvm-1.2/uvm_macros.svh'.
Parsing included file '/eda/synopsys/2022-23/RHELx86/VCS_2022.06-SP2/etc/uvm-1.2/macros/uvm_version_defines.svh'.
Back to file '/eda/synopsys/2022-23/RHELx86/VCS_2022.06-SP2/etc/uvm-1.2/uvm_macros.svh'.
Parsing included file '/eda/synopsys/2022-23/RHELx86/VCS_2022.06-SP2/etc/uvm-1.2/macros/uvm_global_defines.svh'.
Back to file '/eda/synopsys/2022-23/RHELx86/VCS_2022.06-SP2/etc/uvm-1.2/uvm_macros.svh'.
Parsing included file '/eda/synopsys/2022-23/RHELx86/VCS_2022.06-SP2/etc/uvm-1.2/macros/snps_macros.svp'.
Back to file '/eda/synopsys/2022-23/RHELx86/VCS_2022.06-SP2/etc/uvm-1.2/uvm_macros.svh'.
Parsing included file '/eda/synopsys/2022-23/RHELx86/VCS_2022.06-SP2/etc/uvm-1.2/macros/uvm_message_defines.svh'.
Back to file '/eda/synopsys/2022-23/RHELx86/VCS_2022.06-SP2/etc/uvm-1.2/uvm_macros.svh'.
Parsing included file '/eda/synopsys/2022-23/RHELx86/VCS_2022.06-SP2/etc/uvm-1.2/macros/uvm_phase_defines.svh'.
Back to file '/eda/synopsys/2022-23/RHELx86/VCS_2022.06-SP2/etc/uvm-1.2/uvm_macros.svh'.
Parsing included file '/eda/synopsys/2022-23/RHELx86/VCS_2022.06-SP2/etc/uvm-1.2/macros/uvm_object_defines.svh'.
Back to file '/eda/synopsys/2022-23/RHELx86/VCS_2022.06-SP2/etc/uvm-1.2/uvm_macros.svh'.
Parsing included file '/eda/synopsys/2022-23/RHELx86/VCS_2022.06-SP2/etc/uvm-1.2/macros/uvm_printer_defines.svh'.
Back to file '/eda/synopsys/2022-23/RHELx86/VCS_2022.06-SP2/etc/uvm-1.2/uvm_macros.svh'.
Parsing included file '/eda/synopsys/2022-23/RHELx86/VCS_2022.06-SP2/etc/uvm-1.2/macros/uvm_tlm_defines.svh'.
Parsing included file '/eda/synopsys/2022-23/RHELx86/VCS_2022.06-SP2/etc/uvm-1.2/tlm1/uvm_tlm_imps.svh'.
Back to file '/eda/synopsys/2022-23/RHELx86/VCS_2022.06-SP2/etc/uvm-1.2/macros/uvm_tlm_defines.svh'.
Back to file '/eda/synopsys/2022-23/RHELx86/VCS_2022.06-SP2/etc/uvm-1.2/uvm_macros.svh'.
Parsing included file '/eda/synopsys/2022-23/RHELx86/VCS_2022.06-SP2/etc/uvm-1.2/macros/uvm_sequence_defines.svh'.
Back to file '/eda/synopsys/2022-23/RHELx86/VCS_2022.06-SP2/etc/uvm-1.2/uvm_macros.svh'.
Parsing included file '/eda/synopsys/2022-23/RHELx86/VCS_2022.06-SP2/etc/uvm-1.2/macros/uvm_callback_defines.svh'.
Back to file '/eda/synopsys/2022-23/RHELx86/VCS_2022.06-SP2/etc/uvm-1.2/uvm_macros.svh'.
Parsing included file '/eda/synopsys/2022-23/RHELx86/VCS_2022.06-SP2/etc/uvm-1.2/macros/uvm_reg_defines.svh'.
Back to file '/eda/synopsys/2022-23/RHELx86/VCS_2022.06-SP2/etc/uvm-1.2/uvm_macros.svh'.
Parsing included file '/eda/synopsys/2022-23/RHELx86/VCS_2022.06-SP2/etc/uvm-1.2/macros/uvm_deprecated_defines.svh'.
Back to file '/eda/synopsys/2022-23/RHELx86/VCS_2022.06-SP2/etc/uvm-1.2/uvm_macros.svh'.
Back to file '/eda/synopsys/2022-23/RHELx86/VCS_2022.06-SP2/etc/uvm-1.2/uvm_pkg.sv'.
Parsing included file '/eda/synopsys/2022-23/RHELx86/VCS_2022.06-SP2/etc/uvm-1.2/dpi/uvm_dpi.svh'.
Parsing included file '/eda/synopsys/2022-23/RHELx86/VCS_2022.06-SP2/etc/uvm-1.2/dpi/uvm_hdl.svh'.
Back to file '/eda/synopsys/2022-23/RHELx86/VCS_2022.06-SP2/etc/uvm-1.2/dpi/uvm_dpi.svh'.
Parsing included file '/eda/synopsys/2022-23/RHELx86/VCS_2022.06-SP2/etc/uvm-1.2/dpi/uvm_svcmd_dpi.svh'.
Back to file '/eda/synopsys/2022-23/RHELx86/VCS_2022.06-SP2/etc/uvm-1.2/dpi/uvm_dpi.svh'.
Parsing included file '/eda/synopsys/2022-23/RHELx86/VCS_2022.06-SP2/etc/uvm-1.2/dpi/uvm_regex.svh'.
Back to file '/eda/synopsys/2022-23/RHELx86/VCS_2022.06-SP2/etc/uvm-1.2/dpi/uvm_dpi.svh'.
Back to file '/eda/synopsys/2022-23/RHELx86/VCS_2022.06-SP2/etc/uvm-1.2/uvm_pkg.sv'.
Parsing included file '/eda/synopsys/2022-23/RHELx86/VCS_2022.06-SP2/etc/uvm-1.2/base/uvm_base.svh'.
Parsing included file '/eda/synopsys/2022-23/RHELx86/VCS_2022.06-SP2/etc/uvm-1.2/base/uvm_coreservice.svh'.
Back to file '/eda/synopsys/2022-23/RHELx86/VCS_2022.06-SP2/etc/uvm-1.2/base/uvm_base.svh'.
Parsing included file '/eda/synopsys/2022-23/RHELx86/VCS_2022.06-SP2/etc/uvm-1.2/base/uvm_version.svh'.
Back to file '/eda/synopsys/2022-23/RHELx86/VCS_2022.06-SP2/etc/uvm-1.2/base/uvm_base.svh'.
Parsing included file '/eda/synopsys/2022-23/RHELx86/VCS_2022.06-SP2/etc/uvm-1.2/base/uvm_object_globals.svh'.
Back to file '/eda/synopsys/2022-23/RHELx86/VCS_2022.06-SP2/etc/uvm-1.2/base/uvm_base.svh'.
Parsing included file '/eda/synopsys/2022-23/RHELx86/VCS_2022.06-SP2/etc/uvm-1.2/base/uvm_misc.svh'.
Back to file '/eda/synopsys/2022-23/RHELx86/VCS_2022.06-SP2/etc/uvm-1.2/base/uvm_base.svh'.
Parsing included file '/eda/synopsys/2022-23/RHELx86/VCS_2022.06-SP2/etc/uvm-1.2/base/uvm_object.svh'.
Back to file '/eda/synopsys/2022-23/RHELx86/VCS_2022.06-SP2/etc/uvm-1.2/base/uvm_base.svh'.
Parsing included file '/eda/synopsys/2022-23/RHELx86/VCS_2022.06-SP2/etc/uvm-1.2/base/uvm_pool.svh'.
Back to file '/eda/synopsys/2022-23/RHELx86/VCS_2022.06-SP2/etc/uvm-1.2/base/uvm_base.svh'.
Parsing included file '/eda/synopsys/2022-23/RHELx86/VCS_2022.06-SP2/etc/uvm-1.2/base/uvm_queue.svh'.
Back to file '/eda/synopsys/2022-23/RHELx86/VCS_2022.06-SP2/etc/uvm-1.2/base/uvm_base.svh'.
Parsing included file '/eda/synopsys/2022-23/RHELx86/VCS_2022.06-SP2/etc/uvm-1.2/base/uvm_factory.svh'.
Back to file '/eda/synopsys/2022-23/RHELx86/VCS_2022.06-SP2/etc/uvm-1.2/base/uvm_base.svh'.
Parsing included file '/eda/synopsys/2022-23/RHELx86/VCS_2022.06-SP2/etc/uvm-1.2/base/uvm_registry.svh'.
Back to file '/eda/synopsys/2022-23/RHELx86/VCS_2022.06-SP2/etc/uvm-1.2/base/uvm_base.svh'.
Parsing included file '/eda/synopsys/2022-23/RHELx86/VCS_2022.06-SP2/etc/uvm-1.2/base/uvm_spell_chkr.svh'.
Back to file '/eda/synopsys/2022-23/RHELx86/VCS_2022.06-SP2/etc/uvm-1.2/base/uvm_base.svh'.
Parsing included file '/eda/synopsys/2022-23/RHELx86/VCS_2022.06-SP2/etc/uvm-1.2/base/uvm_resource.svh'.
Back to file '/eda/synopsys/2022-23/RHELx86/VCS_2022.06-SP2/etc/uvm-1.2/base/uvm_base.svh'.
Parsing included file '/eda/synopsys/2022-23/RHELx86/VCS_2022.06-SP2/etc/uvm-1.2/base/uvm_resource_specializations.svh'.
Back to file '/eda/synopsys/2022-23/RHELx86/VCS_2022.06-SP2/etc/uvm-1.2/base/uvm_base.svh'.
Parsing included file '/eda/synopsys/2022-23/RHELx86/VCS_2022.06-SP2/etc/uvm-1.2/base/uvm_resource_db.svh'.
Back to file '/eda/synopsys/2022-23/RHELx86/VCS_2022.06-SP2/etc/uvm-1.2/base/uvm_base.svh'.
Parsing included file '/eda/synopsys/2022-23/RHELx86/VCS_2022.06-SP2/etc/uvm-1.2/base/uvm_config_db.svh'.
Back to file '/eda/synopsys/2022-23/RHELx86/VCS_2022.06-SP2/etc/uvm-1.2/base/uvm_base.svh'.
Parsing included file '/eda/synopsys/2022-23/RHELx86/VCS_2022.06-SP2/etc/uvm-1.2/base/uvm_printer.svh'.
Back to file '/eda/synopsys/2022-23/RHELx86/VCS_2022.06-SP2/etc/uvm-1.2/base/uvm_base.svh'.
Parsing included file '/eda/synopsys/2022-23/RHELx86/VCS_2022.06-SP2/etc/uvm-1.2/base/uvm_comparer.svh'.
Back to file '/eda/synopsys/2022-23/RHELx86/VCS_2022.06-SP2/etc/uvm-1.2/base/uvm_base.svh'.
Parsing included file '/eda/synopsys/2022-23/RHELx86/VCS_2022.06-SP2/etc/uvm-1.2/base/uvm_packer.svh'.
Back to file '/eda/synopsys/2022-23/RHELx86/VCS_2022.06-SP2/etc/uvm-1.2/base/uvm_base.svh'.
Parsing included file '/eda/synopsys/2022-23/RHELx86/VCS_2022.06-SP2/etc/uvm-1.2/base/uvm_links.svh'.
Back to file '/eda/synopsys/2022-23/RHELx86/VCS_2022.06-SP2/etc/uvm-1.2/base/uvm_base.svh'.
Parsing included file '/eda/synopsys/2022-23/RHELx86/VCS_2022.06-SP2/etc/uvm-1.2/base/uvm_tr_database.svh'.
Back to file '/eda/synopsys/2022-23/RHELx86/VCS_2022.06-SP2/etc/uvm-1.2/base/uvm_base.svh'.
Parsing included file '/eda/synopsys/2022-23/RHELx86/VCS_2022.06-SP2/etc/uvm-1.2/base/uvm_tr_stream.svh'.
Back to file '/eda/synopsys/2022-23/RHELx86/VCS_2022.06-SP2/etc/uvm-1.2/base/uvm_base.svh'.
Parsing included file '/eda/synopsys/2022-23/RHELx86/VCS_2022.06-SP2/etc/uvm-1.2/base/uvm_recorder.svh'.
Back to file '/eda/synopsys/2022-23/RHELx86/VCS_2022.06-SP2/etc/uvm-1.2/base/uvm_base.svh'.
Parsing included file '/eda/synopsys/2022-23/RHELx86/VCS_2022.06-SP2/etc/uvm-1.2/base/uvm_event_callback.svh'.
Back to file '/eda/synopsys/2022-23/RHELx86/VCS_2022.06-SP2/etc/uvm-1.2/base/uvm_base.svh'.
Parsing included file '/eda/synopsys/2022-23/RHELx86/VCS_2022.06-SP2/etc/uvm-1.2/base/uvm_event.svh'.
Back to file '/eda/synopsys/2022-23/RHELx86/VCS_2022.06-SP2/etc/uvm-1.2/base/uvm_base.svh'.
Parsing included file '/eda/synopsys/2022-23/RHELx86/VCS_2022.06-SP2/etc/uvm-1.2/base/uvm_barrier.svh'.
Back to file '/eda/synopsys/2022-23/RHELx86/VCS_2022.06-SP2/etc/uvm-1.2/base/uvm_base.svh'.
Parsing included file '/eda/synopsys/2022-23/RHELx86/VCS_2022.06-SP2/etc/uvm-1.2/base/uvm_callback.svh'.
Parsing included file '/eda/synopsys/2022-23/RHELx86/VCS_2022.06-SP2/etc/uvm-1.2/uvm_macros.svh'.
Back to file '/eda/synopsys/2022-23/RHELx86/VCS_2022.06-SP2/etc/uvm-1.2/base/uvm_callback.svh'.
Back to file '/eda/synopsys/2022-23/RHELx86/VCS_2022.06-SP2/etc/uvm-1.2/base/uvm_base.svh'.
Parsing included file '/eda/synopsys/2022-23/RHELx86/VCS_2022.06-SP2/etc/uvm-1.2/base/uvm_report_message.svh'.
Back to file '/eda/synopsys/2022-23/RHELx86/VCS_2022.06-SP2/etc/uvm-1.2/base/uvm_base.svh'.
Parsing included file '/eda/synopsys/2022-23/RHELx86/VCS_2022.06-SP2/etc/uvm-1.2/base/uvm_report_catcher.svh'.
Back to file '/eda/synopsys/2022-23/RHELx86/VCS_2022.06-SP2/etc/uvm-1.2/base/uvm_base.svh'.
Parsing included file '/eda/synopsys/2022-23/RHELx86/VCS_2022.06-SP2/etc/uvm-1.2/base/uvm_report_server.svh'.
Back to file '/eda/synopsys/2022-23/RHELx86/VCS_2022.06-SP2/etc/uvm-1.2/base/uvm_base.svh'.
Parsing included file '/eda/synopsys/2022-23/RHELx86/VCS_2022.06-SP2/etc/uvm-1.2/base/uvm_report_handler.svh'.
Back to file '/eda/synopsys/2022-23/RHELx86/VCS_2022.06-SP2/etc/uvm-1.2/base/uvm_base.svh'.
Parsing included file '/eda/synopsys/2022-23/RHELx86/VCS_2022.06-SP2/etc/uvm-1.2/base/uvm_report_object.svh'.
Back to file '/eda/synopsys/2022-23/RHELx86/VCS_2022.06-SP2/etc/uvm-1.2/base/uvm_base.svh'.
Parsing included file '/eda/synopsys/2022-23/RHELx86/VCS_2022.06-SP2/etc/uvm-1.2/base/uvm_transaction.svh'.
Back to file '/eda/synopsys/2022-23/RHELx86/VCS_2022.06-SP2/etc/uvm-1.2/base/uvm_base.svh'.
Parsing included file '/eda/synopsys/2022-23/RHELx86/VCS_2022.06-SP2/etc/uvm-1.2/base/uvm_phase.svh'.
Back to file '/eda/synopsys/2022-23/RHELx86/VCS_2022.06-SP2/etc/uvm-1.2/base/uvm_base.svh'.
Parsing included file '/eda/synopsys/2022-23/RHELx86/VCS_2022.06-SP2/etc/uvm-1.2/base/uvm_domain.svh'.
Back to file '/eda/synopsys/2022-23/RHELx86/VCS_2022.06-SP2/etc/uvm-1.2/base/uvm_base.svh'.
Parsing included file '/eda/synopsys/2022-23/RHELx86/VCS_2022.06-SP2/etc/uvm-1.2/base/uvm_bottomup_phase.svh'.
Back to file '/eda/synopsys/2022-23/RHELx86/VCS_2022.06-SP2/etc/uvm-1.2/base/uvm_base.svh'.
Parsing included file '/eda/synopsys/2022-23/RHELx86/VCS_2022.06-SP2/etc/uvm-1.2/base/uvm_topdown_phase.svh'.
Back to file '/eda/synopsys/2022-23/RHELx86/VCS_2022.06-SP2/etc/uvm-1.2/base/uvm_base.svh'.
Parsing included file '/eda/synopsys/2022-23/RHELx86/VCS_2022.06-SP2/etc/uvm-1.2/base/uvm_task_phase.svh'.
Back to file '/eda/synopsys/2022-23/RHELx86/VCS_2022.06-SP2/etc/uvm-1.2/base/uvm_base.svh'.
Parsing included file '/eda/synopsys/2022-23/RHELx86/VCS_2022.06-SP2/etc/uvm-1.2/base/uvm_common_phases.svh'.
Back to file '/eda/synopsys/2022-23/RHELx86/VCS_2022.06-SP2/etc/uvm-1.2/base/uvm_base.svh'.
Parsing included file '/eda/synopsys/2022-23/RHELx86/VCS_2022.06-SP2/etc/uvm-1.2/base/uvm_runtime_phases.svh'.
Back to file '/eda/synopsys/2022-23/RHELx86/VCS_2022.06-SP2/etc/uvm-1.2/base/uvm_base.svh'.
Parsing included file '/eda/synopsys/2022-23/RHELx86/VCS_2022.06-SP2/etc/uvm-1.2/base/uvm_component.svh'.
Parsing included file '/eda/synopsys/2022-23/RHELx86/VCS_2022.06-SP2/etc/uvm-1.2/base/uvm_root.svh'.
Back to file '/eda/synopsys/2022-23/RHELx86/VCS_2022.06-SP2/etc/uvm-1.2/base/uvm_component.svh'.
Back to file '/eda/synopsys/2022-23/RHELx86/VCS_2022.06-SP2/etc/uvm-1.2/base/uvm_base.svh'.
Parsing included file '/eda/synopsys/2022-23/RHELx86/VCS_2022.06-SP2/etc/uvm-1.2/base/uvm_objection.svh'.
Back to file '/eda/synopsys/2022-23/RHELx86/VCS_2022.06-SP2/etc/uvm-1.2/base/uvm_base.svh'.
Parsing included file '/eda/synopsys/2022-23/RHELx86/VCS_2022.06-SP2/etc/uvm-1.2/base/uvm_heartbeat.svh'.
Back to file '/eda/synopsys/2022-23/RHELx86/VCS_2022.06-SP2/etc/uvm-1.2/base/uvm_base.svh'.
Parsing included file '/eda/synopsys/2022-23/RHELx86/VCS_2022.06-SP2/etc/uvm-1.2/base/uvm_globals.svh'.
Back to file '/eda/synopsys/2022-23/RHELx86/VCS_2022.06-SP2/etc/uvm-1.2/base/uvm_base.svh'.
Parsing included file '/eda/synopsys/2022-23/RHELx86/VCS_2022.06-SP2/etc/uvm-1.2/base/uvm_cmdline_processor.svh'.
Back to file '/eda/synopsys/2022-23/RHELx86/VCS_2022.06-SP2/etc/uvm-1.2/base/uvm_base.svh'.
Parsing included file '/eda/synopsys/2022-23/RHELx86/VCS_2022.06-SP2/etc/uvm-1.2/base/uvm_traversal.svh'.
Back to file '/eda/synopsys/2022-23/RHELx86/VCS_2022.06-SP2/etc/uvm-1.2/base/uvm_base.svh'.
Back to file '/eda/synopsys/2022-23/RHELx86/VCS_2022.06-SP2/etc/uvm-1.2/uvm_pkg.sv'.
Parsing included file '/eda/synopsys/2022-23/RHELx86/VCS_2022.06-SP2/etc/uvm-1.2/dap/uvm_dap.svh'.
Parsing included file '/eda/synopsys/2022-23/RHELx86/VCS_2022.06-SP2/etc/uvm-1.2/dap/uvm_set_get_dap_base.svh'.
Back to file '/eda/synopsys/2022-23/RHELx86/VCS_2022.06-SP2/etc/uvm-1.2/dap/uvm_dap.svh'.
Parsing included file '/eda/synopsys/2022-23/RHELx86/VCS_2022.06-SP2/etc/uvm-1.2/dap/uvm_simple_lock_dap.svh'.
Back to file '/eda/synopsys/2022-23/RHELx86/VCS_2022.06-SP2/etc/uvm-1.2/dap/uvm_dap.svh'.
Parsing included file '/eda/synopsys/2022-23/RHELx86/VCS_2022.06-SP2/etc/uvm-1.2/dap/uvm_get_to_lock_dap.svh'.
Back to file '/eda/synopsys/2022-23/RHELx86/VCS_2022.06-SP2/etc/uvm-1.2/dap/uvm_dap.svh'.
Parsing included file '/eda/synopsys/2022-23/RHELx86/VCS_2022.06-SP2/etc/uvm-1.2/dap/uvm_set_before_get_dap.svh'.
Back to file '/eda/synopsys/2022-23/RHELx86/VCS_2022.06-SP2/etc/uvm-1.2/dap/uvm_dap.svh'.
Back to file '/eda/synopsys/2022-23/RHELx86/VCS_2022.06-SP2/etc/uvm-1.2/uvm_pkg.sv'.
Parsing included file '/eda/synopsys/2022-23/RHELx86/VCS_2022.06-SP2/etc/uvm-1.2/tlm1/uvm_tlm.svh'.
Parsing included file '/eda/synopsys/2022-23/RHELx86/VCS_2022.06-SP2/etc/uvm-1.2/tlm1/uvm_tlm_ifs.svh'.
Back to file '/eda/synopsys/2022-23/RHELx86/VCS_2022.06-SP2/etc/uvm-1.2/tlm1/uvm_tlm.svh'.
Parsing included file '/eda/synopsys/2022-23/RHELx86/VCS_2022.06-SP2/etc/uvm-1.2/tlm1/uvm_sqr_ifs.svh'.
Back to file '/eda/synopsys/2022-23/RHELx86/VCS_2022.06-SP2/etc/uvm-1.2/tlm1/uvm_tlm.svh'.
Parsing included file '/eda/synopsys/2022-23/RHELx86/VCS_2022.06-SP2/etc/uvm-1.2/base/uvm_port_base.svh'.
Back to file '/eda/synopsys/2022-23/RHELx86/VCS_2022.06-SP2/etc/uvm-1.2/tlm1/uvm_tlm.svh'.
Parsing included file '/eda/synopsys/2022-23/RHELx86/VCS_2022.06-SP2/etc/uvm-1.2/tlm1/uvm_tlm_imps.svh'.
Back to file '/eda/synopsys/2022-23/RHELx86/VCS_2022.06-SP2/etc/uvm-1.2/tlm1/uvm_tlm.svh'.
Parsing included file '/eda/synopsys/2022-23/RHELx86/VCS_2022.06-SP2/etc/uvm-1.2/tlm1/uvm_imps.svh'.
Back to file '/eda/synopsys/2022-23/RHELx86/VCS_2022.06-SP2/etc/uvm-1.2/tlm1/uvm_tlm.svh'.
Parsing included file '/eda/synopsys/2022-23/RHELx86/VCS_2022.06-SP2/etc/uvm-1.2/tlm1/uvm_ports.svh'.
Back to file '/eda/synopsys/2022-23/RHELx86/VCS_2022.06-SP2/etc/uvm-1.2/tlm1/uvm_tlm.svh'.
Parsing included file '/eda/synopsys/2022-23/RHELx86/VCS_2022.06-SP2/etc/uvm-1.2/tlm1/uvm_exports.svh'.
Back to file '/eda/synopsys/2022-23/RHELx86/VCS_2022.06-SP2/etc/uvm-1.2/tlm1/uvm_tlm.svh'.
Parsing included file '/eda/synopsys/2022-23/RHELx86/VCS_2022.06-SP2/etc/uvm-1.2/tlm1/uvm_analysis_port.svh'.
Back to file '/eda/synopsys/2022-23/RHELx86/VCS_2022.06-SP2/etc/uvm-1.2/tlm1/uvm_tlm.svh'.
Parsing included file '/eda/synopsys/2022-23/RHELx86/VCS_2022.06-SP2/etc/uvm-1.2/tlm1/uvm_tlm_fifo_base.svh'.
Back to file '/eda/synopsys/2022-23/RHELx86/VCS_2022.06-SP2/etc/uvm-1.2/tlm1/uvm_tlm.svh'.
Parsing included file '/eda/synopsys/2022-23/RHELx86/VCS_2022.06-SP2/etc/uvm-1.2/tlm1/uvm_tlm_fifos.svh'.
Back to file '/eda/synopsys/2022-23/RHELx86/VCS_2022.06-SP2/etc/uvm-1.2/tlm1/uvm_tlm.svh'.
Parsing included file '/eda/synopsys/2022-23/RHELx86/VCS_2022.06-SP2/etc/uvm-1.2/tlm1/uvm_tlm_req_rsp.svh'.
Back to file '/eda/synopsys/2022-23/RHELx86/VCS_2022.06-SP2/etc/uvm-1.2/tlm1/uvm_tlm.svh'.
Parsing included file '/eda/synopsys/2022-23/RHELx86/VCS_2022.06-SP2/etc/uvm-1.2/tlm1/uvm_sqr_connections.svh'.
Back to file '/eda/synopsys/2022-23/RHELx86/VCS_2022.06-SP2/etc/uvm-1.2/tlm1/uvm_tlm.svh'.
Back to file '/eda/synopsys/2022-23/RHELx86/VCS_2022.06-SP2/etc/uvm-1.2/uvm_pkg.sv'.
Parsing included file '/eda/synopsys/2022-23/RHELx86/VCS_2022.06-SP2/etc/uvm-1.2/comps/uvm_comps.svh'.
Parsing included file '/eda/synopsys/2022-23/RHELx86/VCS_2022.06-SP2/etc/uvm-1.2/comps/uvm_pair.svh'.
Back to file '/eda/synopsys/2022-23/RHELx86/VCS_2022.06-SP2/etc/uvm-1.2/comps/uvm_comps.svh'.
Parsing included file '/eda/synopsys/2022-23/RHELx86/VCS_2022.06-SP2/etc/uvm-1.2/comps/uvm_policies.svh'.
Back to file '/eda/synopsys/2022-23/RHELx86/VCS_2022.06-SP2/etc/uvm-1.2/comps/uvm_comps.svh'.
Parsing included file '/eda/synopsys/2022-23/RHELx86/VCS_2022.06-SP2/etc/uvm-1.2/comps/uvm_in_order_comparator.svh'.
Back to file '/eda/synopsys/2022-23/RHELx86/VCS_2022.06-SP2/etc/uvm-1.2/comps/uvm_comps.svh'.
Parsing included file '/eda/synopsys/2022-23/RHELx86/VCS_2022.06-SP2/etc/uvm-1.2/comps/uvm_algorithmic_comparator.svh'.
Back to file '/eda/synopsys/2022-23/RHELx86/VCS_2022.06-SP2/etc/uvm-1.2/comps/uvm_comps.svh'.
Parsing included file '/eda/synopsys/2022-23/RHELx86/VCS_2022.06-SP2/etc/uvm-1.2/comps/uvm_random_stimulus.svh'.
Back to file '/eda/synopsys/2022-23/RHELx86/VCS_2022.06-SP2/etc/uvm-1.2/comps/uvm_comps.svh'.
Parsing included file '/eda/synopsys/2022-23/RHELx86/VCS_2022.06-SP2/etc/uvm-1.2/comps/uvm_subscriber.svh'.
Back to file '/eda/synopsys/2022-23/RHELx86/VCS_2022.06-SP2/etc/uvm-1.2/comps/uvm_comps.svh'.
Parsing included file '/eda/synopsys/2022-23/RHELx86/VCS_2022.06-SP2/etc/uvm-1.2/comps/uvm_monitor.svh'.
Back to file '/eda/synopsys/2022-23/RHELx86/VCS_2022.06-SP2/etc/uvm-1.2/comps/uvm_comps.svh'.
Parsing included file '/eda/synopsys/2022-23/RHELx86/VCS_2022.06-SP2/etc/uvm-1.2/comps/uvm_driver.svh'.
Back to file '/eda/synopsys/2022-23/RHELx86/VCS_2022.06-SP2/etc/uvm-1.2/comps/uvm_comps.svh'.
Parsing included file '/eda/synopsys/2022-23/RHELx86/VCS_2022.06-SP2/etc/uvm-1.2/comps/uvm_push_driver.svh'.
Back to file '/eda/synopsys/2022-23/RHELx86/VCS_2022.06-SP2/etc/uvm-1.2/comps/uvm_comps.svh'.
Parsing included file '/eda/synopsys/2022-23/RHELx86/VCS_2022.06-SP2/etc/uvm-1.2/comps/uvm_scoreboard.svh'.
Back to file '/eda/synopsys/2022-23/RHELx86/VCS_2022.06-SP2/etc/uvm-1.2/comps/uvm_comps.svh'.
Parsing included file '/eda/synopsys/2022-23/RHELx86/VCS_2022.06-SP2/etc/uvm-1.2/comps/uvm_agent.svh'.
Back to file '/eda/synopsys/2022-23/RHELx86/VCS_2022.06-SP2/etc/uvm-1.2/comps/uvm_comps.svh'.
Parsing included file '/eda/synopsys/2022-23/RHELx86/VCS_2022.06-SP2/etc/uvm-1.2/comps/uvm_env.svh'.
Back to file '/eda/synopsys/2022-23/RHELx86/VCS_2022.06-SP2/etc/uvm-1.2/comps/uvm_comps.svh'.
Parsing included file '/eda/synopsys/2022-23/RHELx86/VCS_2022.06-SP2/etc/uvm-1.2/comps/uvm_test.svh'.
Back to file '/eda/synopsys/2022-23/RHELx86/VCS_2022.06-SP2/etc/uvm-1.2/comps/uvm_comps.svh'.
Back to file '/eda/synopsys/2022-23/RHELx86/VCS_2022.06-SP2/etc/uvm-1.2/uvm_pkg.sv'.
Parsing included file '/eda/synopsys/2022-23/RHELx86/VCS_2022.06-SP2/etc/uvm-1.2/seq/uvm_seq.svh'.
Parsing included file '/eda/synopsys/2022-23/RHELx86/VCS_2022.06-SP2/etc/uvm-1.2/seq/uvm_sequence_item.svh'.
Back to file '/eda/synopsys/2022-23/RHELx86/VCS_2022.06-SP2/etc/uvm-1.2/seq/uvm_seq.svh'.
Parsing included file '/eda/synopsys/2022-23/RHELx86/VCS_2022.06-SP2/etc/uvm-1.2/seq/uvm_sequencer_base.svh'.
Back to file '/eda/synopsys/2022-23/RHELx86/VCS_2022.06-SP2/etc/uvm-1.2/seq/uvm_seq.svh'.
Parsing included file '/eda/synopsys/2022-23/RHELx86/VCS_2022.06-SP2/etc/uvm-1.2/seq/uvm_sequencer_analysis_fifo.svh'.
Back to file '/eda/synopsys/2022-23/RHELx86/VCS_2022.06-SP2/etc/uvm-1.2/seq/uvm_seq.svh'.
Parsing included file '/eda/synopsys/2022-23/RHELx86/VCS_2022.06-SP2/etc/uvm-1.2/seq/uvm_sequencer_param_base.svh'.
Back to file '/eda/synopsys/2022-23/RHELx86/VCS_2022.06-SP2/etc/uvm-1.2/seq/uvm_seq.svh'.
Parsing included file '/eda/synopsys/2022-23/RHELx86/VCS_2022.06-SP2/etc/uvm-1.2/seq/uvm_sequencer.svh'.
Back to file '/eda/synopsys/2022-23/RHELx86/VCS_2022.06-SP2/etc/uvm-1.2/seq/uvm_seq.svh'.
Parsing included file '/eda/synopsys/2022-23/RHELx86/VCS_2022.06-SP2/etc/uvm-1.2/seq/uvm_push_sequencer.svh'.
Back to file '/eda/synopsys/2022-23/RHELx86/VCS_2022.06-SP2/etc/uvm-1.2/seq/uvm_seq.svh'.
Parsing included file '/eda/synopsys/2022-23/RHELx86/VCS_2022.06-SP2/etc/uvm-1.2/seq/uvm_sequence_base.svh'.
Back to file '/eda/synopsys/2022-23/RHELx86/VCS_2022.06-SP2/etc/uvm-1.2/seq/uvm_seq.svh'.
Parsing included file '/eda/synopsys/2022-23/RHELx86/VCS_2022.06-SP2/etc/uvm-1.2/seq/uvm_sequence.svh'.
Back to file '/eda/synopsys/2022-23/RHELx86/VCS_2022.06-SP2/etc/uvm-1.2/seq/uvm_seq.svh'.
Parsing included file '/eda/synopsys/2022-23/RHELx86/VCS_2022.06-SP2/etc/uvm-1.2/seq/uvm_sequence_library.svh'.
Back to file '/eda/synopsys/2022-23/RHELx86/VCS_2022.06-SP2/etc/uvm-1.2/seq/uvm_seq.svh'.
Parsing included file '/eda/synopsys/2022-23/RHELx86/VCS_2022.06-SP2/etc/uvm-1.2/seq/uvm_sequence_builtin.svh'.
Back to file '/eda/synopsys/2022-23/RHELx86/VCS_2022.06-SP2/etc/uvm-1.2/seq/uvm_seq.svh'.
Back to file '/eda/synopsys/2022-23/RHELx86/VCS_2022.06-SP2/etc/uvm-1.2/uvm_pkg.sv'.
Parsing included file '/eda/synopsys/2022-23/RHELx86/VCS_2022.06-SP2/etc/uvm-1.2/tlm2/uvm_tlm2.svh'.
Parsing included file '/eda/synopsys/2022-23/RHELx86/VCS_2022.06-SP2/etc/uvm-1.2/tlm2/uvm_tlm2_defines.svh'.
Back to file '/eda/synopsys/2022-23/RHELx86/VCS_2022.06-SP2/etc/uvm-1.2/tlm2/uvm_tlm2.svh'.
Parsing included file '/eda/synopsys/2022-23/RHELx86/VCS_2022.06-SP2/etc/uvm-1.2/tlm2/uvm_tlm2_time.svh'.
Back to file '/eda/synopsys/2022-23/RHELx86/VCS_2022.06-SP2/etc/uvm-1.2/tlm2/uvm_tlm2.svh'.
Parsing included file '/eda/synopsys/2022-23/RHELx86/VCS_2022.06-SP2/etc/uvm-1.2/tlm2/uvm_tlm2_generic_payload.svh'.
Back to file '/eda/synopsys/2022-23/RHELx86/VCS_2022.06-SP2/etc/uvm-1.2/tlm2/uvm_tlm2.svh'.
Parsing included file '/eda/synopsys/2022-23/RHELx86/VCS_2022.06-SP2/etc/uvm-1.2/tlm2/uvm_tlm2_ifs.svh'.
Back to file '/eda/synopsys/2022-23/RHELx86/VCS_2022.06-SP2/etc/uvm-1.2/tlm2/uvm_tlm2.svh'.
Parsing included file '/eda/synopsys/2022-23/RHELx86/VCS_2022.06-SP2/etc/uvm-1.2/tlm2/uvm_tlm2_imps.svh'.
Back to file '/eda/synopsys/2022-23/RHELx86/VCS_2022.06-SP2/etc/uvm-1.2/tlm2/uvm_tlm2.svh'.
Parsing included file '/eda/synopsys/2022-23/RHELx86/VCS_2022.06-SP2/etc/uvm-1.2/tlm2/uvm_tlm2_ports.svh'.
Back to file '/eda/synopsys/2022-23/RHELx86/VCS_2022.06-SP2/etc/uvm-1.2/tlm2/uvm_tlm2.svh'.
Parsing included file '/eda/synopsys/2022-23/RHELx86/VCS_2022.06-SP2/etc/uvm-1.2/tlm2/uvm_tlm2_exports.svh'.
Back to file '/eda/synopsys/2022-23/RHELx86/VCS_2022.06-SP2/etc/uvm-1.2/tlm2/uvm_tlm2.svh'.
Parsing included file '/eda/synopsys/2022-23/RHELx86/VCS_2022.06-SP2/etc/uvm-1.2/tlm2/uvm_tlm2_sockets_base.svh'.
Back to file '/eda/synopsys/2022-23/RHELx86/VCS_2022.06-SP2/etc/uvm-1.2/tlm2/uvm_tlm2.svh'.
Parsing included file '/eda/synopsys/2022-23/RHELx86/VCS_2022.06-SP2/etc/uvm-1.2/tlm2/uvm_tlm2_sockets.svh'.
Back to file '/eda/synopsys/2022-23/RHELx86/VCS_2022.06-SP2/etc/uvm-1.2/tlm2/uvm_tlm2.svh'.
Back to file '/eda/synopsys/2022-23/RHELx86/VCS_2022.06-SP2/etc/uvm-1.2/uvm_pkg.sv'.
Parsing included file '/eda/synopsys/2022-23/RHELx86/VCS_2022.06-SP2/etc/uvm-1.2/reg/uvm_reg_model.svh'.
Parsing included file '/eda/synopsys/2022-23/RHELx86/VCS_2022.06-SP2/etc/uvm-1.2/reg/uvm_reg_item.svh'.
Back to file '/eda/synopsys/2022-23/RHELx86/VCS_2022.06-SP2/etc/uvm-1.2/reg/uvm_reg_model.svh'.
Parsing included file '/eda/synopsys/2022-23/RHELx86/VCS_2022.06-SP2/etc/uvm-1.2/reg/uvm_reg_adapter.svh'.
Back to file '/eda/synopsys/2022-23/RHELx86/VCS_2022.06-SP2/etc/uvm-1.2/reg/uvm_reg_model.svh'.
Parsing included file '/eda/synopsys/2022-23/RHELx86/VCS_2022.06-SP2/etc/uvm-1.2/reg/uvm_reg_predictor.svh'.
Back to file '/eda/synopsys/2022-23/RHELx86/VCS_2022.06-SP2/etc/uvm-1.2/reg/uvm_reg_model.svh'.
Parsing included file '/eda/synopsys/2022-23/RHELx86/VCS_2022.06-SP2/etc/uvm-1.2/reg/uvm_reg_sequence.svh'.
Back to file '/eda/synopsys/2022-23/RHELx86/VCS_2022.06-SP2/etc/uvm-1.2/reg/uvm_reg_model.svh'.
Parsing included file '/eda/synopsys/2022-23/RHELx86/VCS_2022.06-SP2/etc/uvm-1.2/reg/uvm_reg_cbs.svh'.
Back to file '/eda/synopsys/2022-23/RHELx86/VCS_2022.06-SP2/etc/uvm-1.2/reg/uvm_reg_model.svh'.
Parsing included file '/eda/synopsys/2022-23/RHELx86/VCS_2022.06-SP2/etc/uvm-1.2/reg/uvm_reg_backdoor.svh'.
Back to file '/eda/synopsys/2022-23/RHELx86/VCS_2022.06-SP2/etc/uvm-1.2/reg/uvm_reg_model.svh'.
Parsing included file '/eda/synopsys/2022-23/RHELx86/VCS_2022.06-SP2/etc/uvm-1.2/reg/uvm_reg_field.svh'.
Back to file '/eda/synopsys/2022-23/RHELx86/VCS_2022.06-SP2/etc/uvm-1.2/reg/uvm_reg_model.svh'.
Parsing included file '/eda/synopsys/2022-23/RHELx86/VCS_2022.06-SP2/etc/uvm-1.2/reg/uvm_vreg_field.svh'.
Back to file '/eda/synopsys/2022-23/RHELx86/VCS_2022.06-SP2/etc/uvm-1.2/reg/uvm_reg_model.svh'.
Parsing included file '/eda/synopsys/2022-23/RHELx86/VCS_2022.06-SP2/etc/uvm-1.2/reg/uvm_reg.svh'.
Back to file '/eda/synopsys/2022-23/RHELx86/VCS_2022.06-SP2/etc/uvm-1.2/reg/uvm_reg_model.svh'.
Parsing included file '/eda/synopsys/2022-23/RHELx86/VCS_2022.06-SP2/etc/uvm-1.2/reg/uvm_reg_indirect.svh'.
Back to file '/eda/synopsys/2022-23/RHELx86/VCS_2022.06-SP2/etc/uvm-1.2/reg/uvm_reg_model.svh'.
Parsing included file '/eda/synopsys/2022-23/RHELx86/VCS_2022.06-SP2/etc/uvm-1.2/reg/uvm_reg_fifo.svh'.
Back to file '/eda/synopsys/2022-23/RHELx86/VCS_2022.06-SP2/etc/uvm-1.2/reg/uvm_reg_model.svh'.
Parsing included file '/eda/synopsys/2022-23/RHELx86/VCS_2022.06-SP2/etc/uvm-1.2/reg/uvm_reg_file.svh'.
Back to file '/eda/synopsys/2022-23/RHELx86/VCS_2022.06-SP2/etc/uvm-1.2/reg/uvm_reg_model.svh'.
Parsing included file '/eda/synopsys/2022-23/RHELx86/VCS_2022.06-SP2/etc/uvm-1.2/reg/uvm_mem_mam.svh'.
Back to file '/eda/synopsys/2022-23/RHELx86/VCS_2022.06-SP2/etc/uvm-1.2/reg/uvm_reg_model.svh'.
Parsing included file '/eda/synopsys/2022-23/RHELx86/VCS_2022.06-SP2/etc/uvm-1.2/reg/uvm_vreg.svh'.
Back to file '/eda/synopsys/2022-23/RHELx86/VCS_2022.06-SP2/etc/uvm-1.2/reg/uvm_reg_model.svh'.
Parsing included file '/eda/synopsys/2022-23/RHELx86/VCS_2022.06-SP2/etc/uvm-1.2/reg/uvm_mem.svh'.
Back to file '/eda/synopsys/2022-23/RHELx86/VCS_2022.06-SP2/etc/uvm-1.2/reg/uvm_reg_model.svh'.
Parsing included file '/eda/synopsys/2022-23/RHELx86/VCS_2022.06-SP2/etc/uvm-1.2/reg/uvm_reg_map.svh'.
Back to file '/eda/synopsys/2022-23/RHELx86/VCS_2022.06-SP2/etc/uvm-1.2/reg/uvm_reg_model.svh'.
Parsing included file '/eda/synopsys/2022-23/RHELx86/VCS_2022.06-SP2/etc/uvm-1.2/reg/uvm_reg_block.svh'.
Back to file '/eda/synopsys/2022-23/RHELx86/VCS_2022.06-SP2/etc/uvm-1.2/reg/uvm_reg_model.svh'.
Parsing included file '/eda/synopsys/2022-23/RHELx86/VCS_2022.06-SP2/etc/uvm-1.2/reg/sequences/uvm_reg_hw_reset_seq.svh'.
Back to file '/eda/synopsys/2022-23/RHELx86/VCS_2022.06-SP2/etc/uvm-1.2/reg/uvm_reg_model.svh'.
Parsing included file '/eda/synopsys/2022-23/RHELx86/VCS_2022.06-SP2/etc/uvm-1.2/reg/sequences/uvm_reg_bit_bash_seq.svh'.
Back to file '/eda/synopsys/2022-23/RHELx86/VCS_2022.06-SP2/etc/uvm-1.2/reg/uvm_reg_model.svh'.
Parsing included file '/eda/synopsys/2022-23/RHELx86/VCS_2022.06-SP2/etc/uvm-1.2/reg/sequences/uvm_mem_walk_seq.svh'.
Back to file '/eda/synopsys/2022-23/RHELx86/VCS_2022.06-SP2/etc/uvm-1.2/reg/uvm_reg_model.svh'.
Parsing included file '/eda/synopsys/2022-23/RHELx86/VCS_2022.06-SP2/etc/uvm-1.2/reg/sequences/uvm_mem_access_seq.svh'.
Back to file '/eda/synopsys/2022-23/RHELx86/VCS_2022.06-SP2/etc/uvm-1.2/reg/uvm_reg_model.svh'.
Parsing included file '/eda/synopsys/2022-23/RHELx86/VCS_2022.06-SP2/etc/uvm-1.2/reg/sequences/uvm_reg_access_seq.svh'.
Back to file '/eda/synopsys/2022-23/RHELx86/VCS_2022.06-SP2/etc/uvm-1.2/reg/uvm_reg_model.svh'.
Parsing included file '/eda/synopsys/2022-23/RHELx86/VCS_2022.06-SP2/etc/uvm-1.2/reg/sequences/uvm_reg_mem_shared_access_seq.svh'.
Back to file '/eda/synopsys/2022-23/RHELx86/VCS_2022.06-SP2/etc/uvm-1.2/reg/uvm_reg_model.svh'.
Parsing included file '/eda/synopsys/2022-23/RHELx86/VCS_2022.06-SP2/etc/uvm-1.2/reg/sequences/uvm_reg_mem_built_in_seq.svh'.
Back to file '/eda/synopsys/2022-23/RHELx86/VCS_2022.06-SP2/etc/uvm-1.2/reg/uvm_reg_model.svh'.
Parsing included file '/eda/synopsys/2022-23/RHELx86/VCS_2022.06-SP2/etc/uvm-1.2/reg/sequences/uvm_reg_mem_hdl_paths_seq.svh'.
Back to file '/eda/synopsys/2022-23/RHELx86/VCS_2022.06-SP2/etc/uvm-1.2/reg/uvm_reg_model.svh'.
Parsing included file '/eda/synopsys/2022-23/RHELx86/VCS_2022.06-SP2/etc/uvm-1.2/reg/snps_uvm_reg_bank.svh'.
Back to file '/eda/synopsys/2022-23/RHELx86/VCS_2022.06-SP2/etc/uvm-1.2/reg/uvm_reg_model.svh'.
Back to file '/eda/synopsys/2022-23/RHELx86/VCS_2022.06-SP2/etc/uvm-1.2/uvm_pkg.sv'.
Parsing included file '/eda/synopsys/2022-23/RHELx86/VCS_2022.06-SP2/etc/uvm-1.2/vcs/vcs_uvm_alt.sv'.
Back to file '/eda/synopsys/2022-23/RHELx86/VCS_2022.06-SP2/etc/uvm-1.2/uvm_pkg.sv'.
Parsing design file '/users/epnimo/Project/design/apb2axi_pkg.sv'
Parsing design file '/users/epnimo/Project/design/apb_if.sv'
Parsing design file '/users/epnimo/Project/design/axi_if.sv'

Note-[SV-LCM-PPWI] Package previously wildcard imported
/users/epnimo/Project/design/axi_if.sv, 9
$unit
  Package 'apb2axi_pkg' already wildcard imported. 
  Ignoring apb2axi_pkg::*
  See the SystemVerilog LRM(1800-2005), section 19.2.1.

Parsing design file '/users/epnimo/Project/design/gateway/apb2axi_reg.sv'

Note-[SV-LCM-PPWI] Package previously wildcard imported
/users/epnimo/Project/design/gateway/apb2axi_reg.sv, 2
$unit
  Package 'apb2axi_pkg' already wildcard imported. 
  Ignoring apb2axi_pkg::*
  See the SystemVerilog LRM(1800-2005), section 19.2.1.

Parsing design file '/users/epnimo/Project/design/gateway/apb2axi_directory.sv'

Note-[SV-LCM-PPWI] Package previously wildcard imported
/users/epnimo/Project/design/gateway/apb2axi_directory.sv, 3
$unit
  Package 'apb2axi_pkg' already wildcard imported. 
  Ignoring apb2axi_pkg::*
  See the SystemVerilog LRM(1800-2005), section 19.2.1.

Parsing design file '/users/epnimo/Project/design/gateway/apb2axi_gateway.sv'

Note-[SV-LCM-PPWI] Package previously wildcard imported
/users/epnimo/Project/design/gateway/apb2axi_gateway.sv, 9
$unit
  Package 'apb2axi_pkg' already wildcard imported. 
  Ignoring apb2axi_pkg::*
  See the SystemVerilog LRM(1800-2005), section 19.2.1.

Parsing design file '/users/epnimo/Project/design/apb2axi_fifo.sv'

Note-[SV-LCM-PPWI] Package previously wildcard imported
/users/epnimo/Project/design/apb2axi_fifo.sv, 9
$unit
  Package 'apb2axi_pkg' already wildcard imported. 
  Ignoring apb2axi_pkg::*
  See the SystemVerilog LRM(1800-2005), section 19.2.1.

Parsing design file '/users/epnimo/Project/design/builder/apb2axi_write_builder.sv'

Note-[SV-LCM-PPWI] Package previously wildcard imported
/users/epnimo/Project/design/builder/apb2axi_write_builder.sv, 8
$unit
  Package 'apb2axi_pkg' already wildcard imported. 
  Ignoring apb2axi_pkg::*
  See the SystemVerilog LRM(1800-2005), section 19.2.1.

Parsing design file '/users/epnimo/Project/design/builder/apb2axi_read_builder.sv'

Note-[SV-LCM-PPWI] Package previously wildcard imported
/users/epnimo/Project/design/builder/apb2axi_read_builder.sv, 9
$unit
  Package 'apb2axi_pkg' already wildcard imported. 
  Ignoring apb2axi_pkg::*
  See the SystemVerilog LRM(1800-2005), section 19.2.1.

Parsing design file '/users/epnimo/Project/design/response/apb2axi_response_collector.sv'

Note-[SV-LCM-PPWI] Package previously wildcard imported
/users/epnimo/Project/design/response/apb2axi_response_collector.sv, 8
$unit
  Package 'apb2axi_pkg' already wildcard imported. 
  Ignoring apb2axi_pkg::*
  See the SystemVerilog LRM(1800-2005), section 19.2.1.

Parsing design file '/users/epnimo/Project/design/response/apb2axi_response_handler.sv'

Note-[SV-LCM-PPWI] Package previously wildcard imported
/users/epnimo/Project/design/response/apb2axi_response_handler.sv, 9
$unit
  Package 'apb2axi_pkg' already wildcard imported. 
  Ignoring apb2axi_pkg::*
  See the SystemVerilog LRM(1800-2005), section 19.2.1.

Parsing design file '/users/epnimo/Project/design/response/apb2axi_rdf.sv'

Note-[SV-LCM-PPWI] Package previously wildcard imported
/users/epnimo/Project/design/response/apb2axi_rdf.sv, 12
$unit
  Package 'apb2axi_pkg' already wildcard imported. 
  Ignoring apb2axi_pkg::*
  See the SystemVerilog LRM(1800-2005), section 19.2.1.

Parsing design file '/users/epnimo/Project/design/apb2axi_txn_mgr.sv'

Note-[SV-LCM-PPWI] Package previously wildcard imported
/users/epnimo/Project/design/apb2axi_txn_mgr.sv, 12
$unit
  Package 'apb2axi_pkg' already wildcard imported. 
  Ignoring apb2axi_pkg::*
  See the SystemVerilog LRM(1800-2005), section 19.2.1.

Parsing design file '/users/epnimo/Project/design/apb2axi.sv'

Note-[SV-LCM-PPWI] Package previously wildcard imported
/users/epnimo/Project/design/apb2axi.sv, 11
$unit
  Package 'apb2axi_pkg' already wildcard imported. 
  Ignoring apb2axi_pkg::*
  See the SystemVerilog LRM(1800-2005), section 19.2.1.


Warning-[IPDW] Identifier previously declared
/users/epnimo/Project/design/apb2axi.sv, 385
  Second declaration for identifier 'rdf_push_valid' ignored
  Identifier 'rdf_push_valid' previously declared as wire. 
  [/users/epnimo/Project/design/apb2axi.sv, 352]


Warning-[IPDW] Identifier previously declared
/users/epnimo/Project/design/apb2axi.sv, 386
  Second declaration for identifier 'rdf_push_payload' ignored
  Identifier 'rdf_push_payload' previously declared as wire. 
  [/users/epnimo/Project/design/apb2axi.sv, 353]


Warning-[IPDW] Identifier previously declared
/users/epnimo/Project/design/apb2axi.sv, 387
  Second declaration for identifier 'rdf_push_ready' ignored
  Identifier 'rdf_push_ready' previously declared as wire. 
  [/users/epnimo/Project/design/apb2axi.sv, 354]

Parsing design file '/users/epnimo/Project/tb/pkg/apb2axi_tb_pkg.sv'
Parsing included file '/eda/synopsys/2022-23/RHELx86/VCS_2022.06-SP2/etc/uvm-1.2/uvm_macros.svh'.
Back to file '/users/epnimo/Project/tb/pkg/apb2axi_tb_pkg.sv'.
Parsing included file '/users/epnimo/Project/tb/pkg/defines.svh'.
Back to file '/users/epnimo/Project/tb/pkg/apb2axi_tb_pkg.sv'.
Parsing included file 'tb/seq_item/apb_seq_item.sv'.
Back to file '/users/epnimo/Project/tb/pkg/apb2axi_tb_pkg.sv'.
Parsing included file 'tb/seq_item/axi_seq_item.sv'.
Back to file '/users/epnimo/Project/tb/pkg/apb2axi_tb_pkg.sv'.
Parsing included file 'tb/seq_item/virtual_seq_item.sv'.
Back to file '/users/epnimo/Project/tb/pkg/apb2axi_tb_pkg.sv'.
Parsing included file 'tb/agent/apb_driver.sv'.
Back to file '/users/epnimo/Project/tb/pkg/apb2axi_tb_pkg.sv'.
Parsing included file 'tb/agent/apb_monitor.sv'.
Back to file '/users/epnimo/Project/tb/pkg/apb2axi_tb_pkg.sv'.
Parsing included file 'tb/agent/apb_sequencer.sv'.
Back to file '/users/epnimo/Project/tb/pkg/apb2axi_tb_pkg.sv'.
Parsing included file 'tb/agent/apb_agent.sv'.
Back to file '/users/epnimo/Project/tb/pkg/apb2axi_tb_pkg.sv'.
Parsing included file 'tb/agent/axi_driver.sv'.
Back to file '/users/epnimo/Project/tb/pkg/apb2axi_tb_pkg.sv'.
Parsing included file 'tb/agent/axi_monitor.sv'.
Back to file '/users/epnimo/Project/tb/pkg/apb2axi_tb_pkg.sv'.
Parsing included file 'tb/agent/axi_sequencer.sv'.
Back to file '/users/epnimo/Project/tb/pkg/apb2axi_tb_pkg.sv'.
Parsing included file 'tb/agent/axi_agent.sv'.
Back to file '/users/epnimo/Project/tb/pkg/apb2axi_tb_pkg.sv'.
Parsing included file 'tb/bfm/axi3_slave_bfm.sv'.

Note-[SV-LCM-PPWI] Package previously wildcard imported
tb/bfm/axi3_slave_bfm.sv, 14
apb2axi_tb_pkg
  Package 'uvm_pkg' already wildcard imported. 
  Ignoring uvm_pkg::*
  See the SystemVerilog LRM(1800-2005), section 19.2.1.

Parsing included file '/eda/synopsys/2022-23/RHELx86/VCS_2022.06-SP2/etc/uvm-1.2/uvm_macros.svh'.
Back to file 'tb/bfm/axi3_slave_bfm.sv'.

Note-[SV-LCM-PPWI] Package previously wildcard imported
tb/bfm/axi3_slave_bfm.sv, 16
apb2axi_tb_pkg
  Package 'apb2axi_pkg' already wildcard imported. 
  Ignoring apb2axi_pkg::*
  See the SystemVerilog LRM(1800-2005), section 19.2.1.

Back to file '/users/epnimo/Project/tb/pkg/apb2axi_tb_pkg.sv'.
Parsing included file 'tb/env/apb2axi_scoreboard.sv'.
Back to file '/users/epnimo/Project/tb/pkg/apb2axi_tb_pkg.sv'.
Parsing included file 'tb/env/apb2axi_env.sv'.
Back to file '/users/epnimo/Project/tb/pkg/apb2axi_tb_pkg.sv'.
Parsing included file 'tb/seq/apb2axi_base_seq.sv'.

Note-[SV-LCM-PPWI] Package previously wildcard imported
tb/seq/apb2axi_base_seq.sv, 1
apb2axi_tb_pkg
  Package 'uvm_pkg' already wildcard imported. 
  Ignoring uvm_pkg::*
  See the SystemVerilog LRM(1800-2005), section 19.2.1.

Parsing included file '/eda/synopsys/2022-23/RHELx86/VCS_2022.06-SP2/etc/uvm-1.2/uvm_macros.svh'.
Back to file 'tb/seq/apb2axi_base_seq.sv'.

Warning-[PII] Package importing itself
tb/seq/apb2axi_base_seq.sv, 3
  Package importing itself has no effect. Package 'apb2axi_tb_pkg' is 
  importing itself.
  Package is defined at "/users/epnimo/Project/tb/pkg/apb2axi_tb_pkg.sv", 2
  Ignoring this import statement and continuing.

Back to file '/users/epnimo/Project/tb/pkg/apb2axi_tb_pkg.sv'.
Parsing included file 'tb/seq/apb2axi_bringup_seq.sv'.

Note-[SV-LCM-PPWI] Package previously wildcard imported
tb/seq/apb2axi_bringup_seq.sv, 12
apb2axi_tb_pkg
  Package 'uvm_pkg' already wildcard imported. 
  Ignoring uvm_pkg::*
  See the SystemVerilog LRM(1800-2005), section 19.2.1.

Parsing included file '/eda/synopsys/2022-23/RHELx86/VCS_2022.06-SP2/etc/uvm-1.2/uvm_macros.svh'.
Back to file 'tb/seq/apb2axi_bringup_seq.sv'.

Warning-[PII] Package importing itself
tb/seq/apb2axi_bringup_seq.sv, 14
  Package importing itself has no effect. Package 'apb2axi_tb_pkg' is 
  importing itself.
  Package is defined at "/users/epnimo/Project/tb/pkg/apb2axi_tb_pkg.sv", 2
  Ignoring this import statement and continuing.

Back to file '/users/epnimo/Project/tb/pkg/apb2axi_tb_pkg.sv'.
Parsing included file 'tb/seq/apb2axi_read_bringup_seq.sv'.

Note-[SV-LCM-PPWI] Package previously wildcard imported
tb/seq/apb2axi_read_bringup_seq.sv, 11
apb2axi_tb_pkg
  Package 'uvm_pkg' already wildcard imported. 
  Ignoring uvm_pkg::*
  See the SystemVerilog LRM(1800-2005), section 19.2.1.

Parsing included file '/eda/synopsys/2022-23/RHELx86/VCS_2022.06-SP2/etc/uvm-1.2/uvm_macros.svh'.
Back to file 'tb/seq/apb2axi_read_bringup_seq.sv'.

Warning-[PII] Package importing itself
tb/seq/apb2axi_read_bringup_seq.sv, 13
  Package importing itself has no effect. Package 'apb2axi_tb_pkg' is 
  importing itself.
  Package is defined at "/users/epnimo/Project/tb/pkg/apb2axi_tb_pkg.sv", 2
  Ignoring this import statement and continuing.


Note-[SV-LCM-PPWI] Package previously wildcard imported
tb/seq/apb2axi_read_bringup_seq.sv, 14
apb2axi_tb_pkg
  Package 'apb2axi_pkg' already wildcard imported. 
  Ignoring apb2axi_pkg::*
  See the SystemVerilog LRM(1800-2005), section 19.2.1.

Back to file '/users/epnimo/Project/tb/pkg/apb2axi_tb_pkg.sv'.
Parsing included file 'tb/tests/apb2axi_base_test.sv'.
Back to file '/users/epnimo/Project/tb/pkg/apb2axi_tb_pkg.sv'.
Parsing included file 'tb/tests/sanity_bringup_test.sv'.
Back to file '/users/epnimo/Project/tb/pkg/apb2axi_tb_pkg.sv'.
Parsing included file 'tb/tests/apb2axi_bringup_test.sv'.
Back to file '/users/epnimo/Project/tb/pkg/apb2axi_tb_pkg.sv'.
Parsing design file '/users/epnimo/Project/tb/tb_top.sv'
Top Level Modules:
       tb_top

Warning-[AOUP] Attempt to override undefined parameter
/users/epnimo/Project/design/apb2axi.sv, 153
  Attempting to override undefined parameter "WIDTH", will ignore it.


Warning-[AOUP] Attempt to override undefined parameter
/users/epnimo/Project/design/apb2axi.sv, 187
  Attempting to override undefined parameter "WIDTH", will ignore it.


Warning-[AOUP] Attempt to override undefined parameter
/users/epnimo/Project/design/apb2axi.sv, 211
  Attempting to override undefined parameter "AXI_ID_W", will ignore it.


Warning-[AOUP] Attempt to override undefined parameter
/users/epnimo/Project/design/apb2axi.sv, 251
  Attempting to override undefined parameter "AXI_ID_W", will ignore it.


Warning-[AOUP] Attempt to override undefined parameter
/users/epnimo/Project/design/apb2axi.sv, 317
  Attempting to override undefined parameter "WIDTH", will ignore it.


Warning-[AOUP] Attempt to override undefined parameter
/users/epnimo/Project/design/apb2axi.sv, 334
  Attempting to override undefined parameter "AXI_ID_W", will ignore it.


Warning-[AOUP] Attempt to override undefined parameter
/users/epnimo/Project/design/apb2axi.sv, 334
  Attempting to override undefined parameter "TAG_W_P", will ignore it.


Warning-[AOUP] Attempt to override undefined parameter
/users/epnimo/Project/design/apb2axi.sv, 334
  Attempting to override undefined parameter "COMPLETION_WP", will ignore it.


Warning-[AOUP] Attempt to override undefined parameter
/users/epnimo/Project/design/apb2axi.sv, 365
  Attempting to override undefined parameter "COMPLETION_WP", will ignore it.

TimeScale is 1 ns / 1 ps

Warning-[PCWM-W] Port connection width mismatch
/users/epnimo/Project/design/apb2axi.sv, 153
"apb2axi_fifo u_wr_apb2axi_fifo( .clk (ACLK),  .resetn (ARESETn),  .push_valid (wr_push_valid),  .push_ready (wr_push_ready),  .push_data (wr_push_data),  .pop_valid (wr_pop_valid),  .pop_ready (wr_pop_ready),  .pop_data (wr_pop_data));"
  The following 85-bit expression is connected to 64-bit port "push_data" of 
  module "apb2axi_fifo", instance "u_wr_apb2axi_fifo".
  Expression: wr_push_data
  Instantiated module defined at: 
  "/users/epnimo/Project/design/apb2axi_fifo.sv", 11
  Use +lint=PCWM for more details.


Warning-[PCWM-W] Port connection width mismatch
/users/epnimo/Project/design/apb2axi.sv, 153
"apb2axi_fifo u_wr_apb2axi_fifo( .clk (ACLK),  .resetn (ARESETn),  .push_valid (wr_push_valid),  .push_ready (wr_push_ready),  .push_data (wr_push_data),  .pop_valid (wr_pop_valid),  .pop_ready (wr_pop_ready),  .pop_data (wr_pop_data));"
  The following 85-bit expression is connected to 64-bit port "pop_data" of 
  module "apb2axi_fifo", instance "u_wr_apb2axi_fifo".
  Expression: wr_pop_data
  Instantiated module defined at: 
  "/users/epnimo/Project/design/apb2axi_fifo.sv", 11
  Use +lint=PCWM for more details.


Warning-[PCWM-W] Port connection width mismatch
/users/epnimo/Project/design/apb2axi.sv, 187
"apb2axi_fifo u_rd_apb2axi_fifo( .clk (ACLK),  .resetn (ARESETn),  .push_valid (rd_push_valid),  .push_ready (rd_push_ready),  .push_data (rd_push_data),  .pop_valid (rd_pop_valid),  .pop_ready (rd_pop_ready),  .pop_data (rd_pop_data));"
  The following 85-bit expression is connected to 64-bit port "push_data" of 
  module "apb2axi_fifo", instance "u_rd_apb2axi_fifo".
  Expression: rd_push_data
  Instantiated module defined at: 
  "/users/epnimo/Project/design/apb2axi_fifo.sv", 11
  Use +lint=PCWM for more details.


Warning-[PCWM-W] Port connection width mismatch
/users/epnimo/Project/design/apb2axi.sv, 187
"apb2axi_fifo u_rd_apb2axi_fifo( .clk (ACLK),  .resetn (ARESETn),  .push_valid (rd_push_valid),  .push_ready (rd_push_ready),  .push_data (rd_push_data),  .pop_valid (rd_pop_valid),  .pop_ready (rd_pop_ready),  .pop_data (rd_pop_data));"
  The following 85-bit expression is connected to 64-bit port "pop_data" of 
  module "apb2axi_fifo", instance "u_rd_apb2axi_fifo".
  Expression: rd_pop_data
  Instantiated module defined at: 
  "/users/epnimo/Project/design/apb2axi_fifo.sv", 11
  Use +lint=PCWM for more details.


Warning-[IPC] Illegal high conn for port connect
/users/epnimo/Project/design/apb2axi.sv, 251
"apb2axi_read_builder #(AXI_ADDR_W, AXI_DATA_W, apb2axi_pkg::REQ_WIDTH) u_rd_builder( .aclk (ACLK),  .aresetn (ARESETn),  .rd_pop_valid (rd_pop_valid),  .rd_pop_ready ('1),  .rd_pop_data (rd_pop_data),  .arid (ARID),  .araddr (ARADDR),  .arlen (ARLEN),  .arsize (ARSIZE),  .arburst (ARBURST),  .arlock (ARLOCK),  .arcache (ARCACHE),  .arprot (ARPROT),  .arvalid (ARVALID),  .arready (ARREADY),  .rid (RID),  .rdata (RDATA),  .rresp (RRESP),  .rlast (RLAST),  .rvalid (RVALID),  .rready (rready_builder));"
  The following constant is illegally connected to output port "rd_pop_ready" 
  of module "apb2axi_read_builder", instance "u_rd_builder".
  Constant: '1
  


Warning-[PCWM-W] Port connection width mismatch
/users/epnimo/Project/design/apb2axi.sv, 317
"apb2axi_fifo u_cq_fifo( .clk (ACLK),  .resetn (ARESETn),  .push_valid (cq_push_valid),  .push_ready (cq_push_ready),  .push_data (cq_push_data),  .pop_valid (cq_pop_valid),  .pop_ready (cq_pop_ready),  .pop_data (cq_pop_data));"
  The following 16-bit expression is connected to 64-bit port "push_data" of 
  module "apb2axi_fifo", instance "u_cq_fifo".
  Expression: cq_push_data
  Instantiated module defined at: 
  "/users/epnimo/Project/design/apb2axi_fifo.sv", 11
  Use +lint=PCWM for more details.


Warning-[PCWM-W] Port connection width mismatch
/users/epnimo/Project/design/apb2axi.sv, 317
"apb2axi_fifo u_cq_fifo( .clk (ACLK),  .resetn (ARESETn),  .push_valid (cq_push_valid),  .push_ready (cq_push_ready),  .push_data (cq_push_data),  .pop_valid (cq_pop_valid),  .pop_ready (cq_pop_ready),  .pop_data (cq_pop_data));"
  The following 16-bit expression is connected to 64-bit port "pop_data" of 
  module "apb2axi_fifo", instance "u_cq_fifo".
  Expression: cq_pop_data
  Instantiated module defined at: 
  "/users/epnimo/Project/design/apb2axi_fifo.sv", 11
  Use +lint=PCWM for more details.


Warning-[PCWM-W] Port connection width mismatch
/users/epnimo/Project/design/apb2axi.sv, 334
"apb2axi_response_collector u_resp_collector( .aclk (ACLK),  .aresetn (ARESETn),  .bid (BID),  .bresp (BRESP),  .bvalid (BVALID),  .bready (BREADY),  .rid (RID),  .rdata (RDATA),  .rresp (RRESP),  .rlast (RLAST),  .rvalid (RVALID),  .rready (rready_builder),  .rdf_push_valid (rdf_push_valid),  .rdf_push_payload (rdf_push_payload),  .rdf_push_ready (rdf_push_ready),  .cpl_push_valid (cq_push_valid),  .cpl_push_ready (cq_push_ready),  .cpl_push_data (cq_push_data));"
  The following 1-bit expression is connected to 71-bit port 
  "rdf_push_payload" of module "apb2axi_response_collector", instance 
  "u_resp_collector".
  Expression: rdf_push_payload
  Instantiated module defined at: 
  "/users/epnimo/Project/design/response/apb2axi_response_collector.sv", 10
  Use +lint=PCWM for more details.


Warning-[PCWM-W] Port connection width mismatch
/users/epnimo/Project/design/apb2axi.sv, 403
"apb2axi_rdf #(apb2axi_pkg::RDF_W, apb2axi_pkg::TAG_W, AXI_DATA_W) u_rdf( .ACLK (ACLK),  .ARESETn (ARESETn),  .rdf_push_valid (rdf_push_valid),  .rdf_push_payload (rdf_push_payload),  .rdf_push_ready (rdf_push_ready),  .PCLK (PCLK),  .PRESETn (PRESETn),  .data_req (rdf_data_req),  .data_req_tag (rdf_data_req_tag),  .data_valid (rdf_data_valid),  .data_out (rdf_data_out),  .data_last (rdf_data_last));"
  The following 1-bit expression is connected to 71-bit port 
  "rdf_push_payload" of module "apb2axi_rdf", instance "u_rdf".
  Expression: rdf_push_payload
  Instantiated module defined at: 
  "/users/epnimo/Project/design/response/apb2axi_rdf.sv", 14
  Use +lint=PCWM for more details.

Starting vcs inline pass...

10 modules and 0 UDP read.
recompiling package vcs_paramclassrepository
recompiling package apb2axi_tb_pkg
Both modules done.
	However, due to incremental compilation, only 2 modules need to be compiled. 
make: Warning: File 'filelist.cu' has modification time 144 s in the future
make[1]: Warning: File 'filelist.cu' has modification time 144 s in the future
rm -f _cuarc*.so _csrc*.so pre_vcsobj_*.so share_vcsobj_*.so
make[1]: warning:  Clock skew detected.  Your build may be incomplete.
make[1]: Warning: File 'filelist.cu' has modification time 144 s in the future
make[1]: warning:  Clock skew detected.  Your build may be incomplete.
if [ -x ../simv ]; then chmod a-x ../simv; fi
g++  -o ../simv      -rdynamic  -Wl,-rpath='$ORIGIN'/simv.daidir -Wl,-rpath=./simv.daidir \
-Wl,-rpath=/eda/synopsys/2022-23/RHELx86/VCS_2022.06-SP2/linux64/lib -L/eda/synopsys/2022-23/RHELx86/VCS_2022.06-SP2/linux64/lib \
-Wl,-rpath-link=./  /usr/lib64/libnuma.so.1 /eda/synopsys/2022-23/RHELx86/VCS_2022.06-SP2/linux64/lib/vpdlogstub.o \
uvm_dpi.o   objs/amcQw_d.o   _325866_archive_1.so _prev_archive_1.so  SIM_l.o    \
rmapats_mop.o rmapats.o rmar.o rmar_nd.o  rmar_llvm_0_1.o rmar_llvm_0_0.o        \
-lvirsim -lerrorinf -lsnpsmalloc -lvfs    -lvcsnew -lsimprofile -luclinative /eda/synopsys/2022-23/RHELx86/VCS_2022.06-SP2/linux64/lib/vcs_tls.o \
-Wl,-whole-archive  -lvcsucli    -Wl,-no-whole-archive       ./../simv.daidir/vc_hdrs.o \
/eda/synopsys/2022-23/RHELx86/VCS_2022.06-SP2/linux64/lib/vcs_save_restore_new.o \
-ldl  -lc -lm -lpthread -ldl 
../simv up to date
make: warning:  Clock skew detected.  Your build may be incomplete.
CPU time: 6.649 seconds to compile + .304 seconds to elab + .279 seconds to link
