  CREATE_STREAM @0 {NAME:main_seq T:Transactions SCOPE:uvm_test_top.env.apb_ag.seqr STREAM:962}
  CREATE_STREAM @0 {NAME:main_seq T:Transactions SCOPE:uvm_test_top.env.apb_ag.seqr STREAM:962}
  CREATE_STREAM @0 {NAME:main_seq T:Transactions SCOPE:uvm_test_top.env.apb_ag.seqr STREAM:964}
  CREATE_STREAM @0 {NAME:main_seq T:Transactions SCOPE:uvm_test_top.env.apb_ag.seqr STREAM:964}
  CREATE_STREAM @0 {NAME:main_seq T:Transactions SCOPE:uvm_test_top.env.apb_ag.seqr STREAM:964}
  CREATE_STREAM @0 {NAME:main_seq T:Transactions SCOPE:uvm_test_top.env.apb_ag.seqr STREAM:970}
  CREATE_STREAM @0 {NAME:main_seq T:Transactions SCOPE:uvm_test_top.env.apb_ag.seqr STREAM:970}
  CREATE_STREAM @0 {NAME:apb2axi_base_seq T:Transactions SCOPE:uvm_test_top.env.apb_ag.seqr STREAM:974}
  CREATE_STREAM @0 {NAME:main_seq T:Transactions SCOPE:uvm_test_top.env.apb_ag.seqr STREAM:993}
  CREATE_STREAM @0 {NAME:main_seq T:Transactions SCOPE:uvm_test_top.env.apb_ag.seqr STREAM:977}
  CREATE_STREAM @0 {NAME:main_seq T:Transactions SCOPE:uvm_test_top.env.apb_ag.seqr STREAM:975}
  CREATE_STREAM @0 {NAME:main_seq T:Transactions SCOPE:uvm_test_top.env.apb_ag.seqr STREAM:975}
  CREATE_STREAM @0 {NAME:main_seq T:Transactions SCOPE:uvm_test_top.env.apb_ag.seqr STREAM:975}
  CREATE_STREAM @0 {NAME:main_seq T:Transactions SCOPE:uvm_test_top.env.apb_ag.seqr STREAM:975}
  CREATE_STREAM @0 {NAME:main_seq T:Transactions SCOPE:uvm_test_top.env.apb_ag.seqr STREAM:975}
  CREATE_STREAM @0 {NAME:main_seq T:Transactions SCOPE:uvm_test_top.env.apb_ag.seqr STREAM:975}
  CREATE_STREAM @0 {NAME:main_seq T:Transactions SCOPE:uvm_test_top.env.apb_ag.seqr STREAM:975}
  CREATE_STREAM @0 {NAME:main_seq T:Transactions SCOPE:uvm_test_top.env.apb_ag.seqr STREAM:973}
  CREATE_STREAM @0 {NAME:main_seq T:Transactions SCOPE:uvm_test_top.env.apb_ag.seqr STREAM:957}
  CREATE_STREAM @0 {NAME:seq T:Transactions SCOPE:uvm_test_top.env.apb_ag.seqr STREAM:957}
  CREATE_STREAM @0 {NAME:seq T:Transactions SCOPE:uvm_test_top.env.apb_ag.seqr STREAM:957}
  CREATE_STREAM @0 {NAME:seq T:Transactions SCOPE:uvm_test_top.env.apb_ag.seqr STREAM:957}
  CREATE_STREAM @0 {NAME:seq T:Transactions SCOPE:uvm_test_top.env.apb_ag.seqr STREAM:957}
  CREATE_STREAM @0 {NAME:seq T:Transactions SCOPE:uvm_test_top.env.apb_ag.seqr STREAM:957}
  CREATE_STREAM @0 {NAME:seq T:Transactions SCOPE:uvm_test_top.env.apb_ag.seqr STREAM:957}
  CREATE_STREAM @0 {NAME:seq T:Transactions SCOPE:uvm_test_top.env.apb_ag.seqr STREAM:957}
  CREATE_STREAM @0 {NAME:seq T:Transactions SCOPE:uvm_test_top.env.apb_ag.seqr STREAM:957}
  CREATE_STREAM @0 {NAME:seq T:Transactions SCOPE:uvm_test_top.env.apb_ag.seqr STREAM:957}
  CREATE_STREAM @0 {NAME:seq T:Transactions SCOPE:uvm_test_top.env.apb_ag.seqr STREAM:957}
  CREATE_STREAM @0 {NAME:seq T:Transactions SCOPE:uvm_test_top.env.apb_ag.seqr STREAM:957}
  CREATE_STREAM @0 {NAME:seq T:Transactions SCOPE:uvm_test_top.env.apb_ag.seqr STREAM:957}
  CREATE_STREAM @0 {NAME:seq T:Transactions SCOPE:uvm_test_top.env.apb_ag.seqr STREAM:957}
  CREATE_STREAM @0 {NAME:seq T:Transactions SCOPE:uvm_test_top.env.apb_ag.seqr STREAM:1028}
  CREATE_STREAM @0 {NAME:seq T:Transactions SCOPE:uvm_test_top.env.apb_ag.seqr STREAM:1028}
  CREATE_STREAM @0 {NAME:seq T:Transactions SCOPE:uvm_test_top.env.apb_ag.seqr STREAM:1028}
  CREATE_STREAM @0 {NAME:seq T:Transactions SCOPE:uvm_test_top.env.apb_ag.seqr STREAM:1028}
  CREATE_STREAM @0 {NAME:seq T:Transactions SCOPE:uvm_test_top.env.apb_ag.seqr STREAM:1028}
  CREATE_STREAM @0 {NAME:seq T:Transactions SCOPE:uvm_test_top.env.apb_ag.seqr STREAM:1028}
  CREATE_STREAM @0 {NAME:seq T:Transactions SCOPE:uvm_test_top.env.apb_ag.apb_seqr STREAM:1029}
  CREATE_STREAM @0 {NAME:seq T:Transactions SCOPE:uvm_test_top.env.apb_ag.apb_seqr STREAM:1040}
  CREATE_STREAM @0 {NAME:seq T:Transactions SCOPE:uvm_test_top.env.apb_ag.apb_seqr STREAM:1040}
  CREATE_STREAM @0 {NAME:seq T:Transactions SCOPE:uvm_test_top.env.apb_ag.apb_seqr STREAM:1040}
  CREATE_STREAM @0 {NAME:seq T:Transactions SCOPE:uvm_test_top.env.apb_ag.apb_seqr STREAM:1040}
  CREATE_STREAM @0 {NAME:rd_seq T:Transactions SCOPE:uvm_test_top.env.apb_ag.apb_seqr STREAM:1042}
  CREATE_STREAM @0 {NAME:rd_seq T:Transactions SCOPE:uvm_test_top.env.apb_ag.apb_seqr STREAM:1042}
  CREATE_STREAM @0 {NAME:wr_seq T:Transactions SCOPE:uvm_test_top.env.apb_ag.apb_seqr STREAM:1042}
  CREATE_STREAM @0 {NAME:seq T:Transactions SCOPE:uvm_test_top.env.apb_ag.apb_seqr STREAM:1040}
  CREATE_STREAM @0 {NAME:wr_seq T:Transactions SCOPE:uvm_test_top.env.apb_ag.apb_seqr STREAM:1042}
  CREATE_STREAM @0 {NAME:wr_seq T:Transactions SCOPE:uvm_test_top.env.apb_ag.apb_seqr STREAM:1042}
  CREATE_STREAM @0 {NAME:wr_seq T:Transactions SCOPE:uvm_test_top.env.apb_ag.apb_seqr STREAM:1042}
  CREATE_STREAM @0 {NAME:wr_seq T:Transactions SCOPE:uvm_test_top.env.apb_ag.apb_seqr STREAM:1042}
  CREATE_STREAM @0 {NAME:wr_seq T:Transactions SCOPE:uvm_test_top.env.apb_ag.apb_seqr STREAM:1042}
  CREATE_STREAM @0 {NAME:wr_seq T:Transactions SCOPE:uvm_test_top.env.apb_ag.apb_seqr STREAM:1042}
  CREATE_STREAM @0 {NAME:wr_seq T:Transactions SCOPE:uvm_test_top.env.apb_ag.apb_seqr STREAM:1042}
  CREATE_STREAM @0 {NAME:wr_seq T:Transactions SCOPE:uvm_test_top.env.apb_ag.apb_seqr STREAM:1042}
  CREATE_STREAM @0 {NAME:wr_seq T:Transactions SCOPE:uvm_test_top.env.apb_ag.apb_seqr STREAM:1042}
  CREATE_STREAM @0 {NAME:wr_seq T:Transactions SCOPE:uvm_test_top.env.apb_ag.apb_seqr STREAM:1042}
  CREATE_STREAM @0 {NAME:wr_seq T:Transactions SCOPE:uvm_test_top.env.apb_ag.apb_seqr STREAM:1042}
  CREATE_STREAM @0 {NAME:wr_seq T:Transactions SCOPE:uvm_test_top.env.apb_ag.apb_seqr STREAM:1042}
  CREATE_STREAM @0 {NAME:wr_seq T:Transactions SCOPE:uvm_test_top.env.apb_ag.apb_seqr STREAM:1042}
  CREATE_STREAM @0 {NAME:wr_seq T:Transactions SCOPE:uvm_test_top.env.apb_ag.apb_seqr STREAM:1042}
  CREATE_STREAM @0 {NAME:wr_seq T:Transactions SCOPE:uvm_test_top.env.apb_ag.apb_seqr STREAM:1042}
  CREATE_STREAM @0 {NAME:rd_seq T:Transactions SCOPE:uvm_test_top.env.apb_ag.apb_seqr STREAM:1042}
